[2014-12-08 09:35:47] Houston.INFO: Matched route "GET_auth_logout" (parameters: "_controller": "{}", "_route": "GET_auth_logout") [] []
[2014-12-08 09:35:47] Houston.INFO: > GET /auth/logout [] []
[2014-12-08 09:35:47] Houston.INFO: < 302 [] []
[2014-12-08 09:35:47] Houston.INFO: Matched route "GET_" (parameters: "_controller": "{}", "_route": "GET_") [] []
[2014-12-08 09:35:47] Houston.INFO: > GET / [] []
[2014-12-08 09:35:47] Houston.INFO: < 200 [] []
[2014-12-08 09:36:32] Houston.INFO: Matched route "GET_" (parameters: "_controller": "{}", "_route": "GET_") [] []
[2014-12-08 09:36:32] Houston.INFO: > GET / [] []
[2014-12-08 09:36:32] Houston.INFO: < 200 [] []
[2014-12-08 09:36:44] Houston.INFO: Matched route "POST_auth_login" (parameters: "_controller": "{}", "_route": "POST_auth_login") [] []
[2014-12-08 09:36:44] Houston.INFO: > POST /auth/login [] []
[2014-12-08 09:36:44] Houston.INFO: < 200 [] []
[2014-12-08 09:36:44] Houston.INFO: Matched route "GET_" (parameters: "_controller": "{}", "_route": "GET_") [] []
[2014-12-08 09:36:44] Houston.INFO: > GET / [] []
[2014-12-08 09:36:44] Houston.INFO: < 200 [] []
[2014-12-08 09:36:44] Houston.INFO: Matched route "GET_user_self" (parameters: "_controller": "{}", "_route": "GET_user_self") [] []
[2014-12-08 09:36:44] Houston.INFO: > GET /user/self [] []
[2014-12-08 09:36:44] Houston.INFO: < 200 [] []
[2014-12-08 09:36:44] Houston.INFO: Matched route "GET_companies_all" (parameters: "_controller": "{}", "_route": "GET_companies_all") [] []
[2014-12-08 09:36:44] Houston.INFO: > GET /companies/all [] []
[2014-12-08 09:36:44] Houston.INFO: < 200 [] []
[2014-12-08 09:36:44] Houston.INFO: Matched route "GET_tickets_all" (parameters: "_controller": "{}", "_route": "GET_tickets_all") [] []
[2014-12-08 09:36:44] Houston.INFO: > GET /tickets/all [] []
[2014-12-08 09:36:44] Houston.INFO: < 200 [] []
[2014-12-08 09:37:09] Houston.INFO: Matched route "GET_tickets_all" (parameters: "_controller": "{}", "_route": "GET_tickets_all") [] []
[2014-12-08 09:37:09] Houston.INFO: > GET /tickets/all [] []
[2014-12-08 09:37:09] Houston.INFO: < 200 [] []
[2014-12-08 09:38:09] Houston.INFO: Matched route "GET_" (parameters: "_controller": "{}", "_route": "GET_") [] []
[2014-12-08 09:38:09] Houston.INFO: > GET / [] []
[2014-12-08 09:38:09] Houston.INFO: < 200 [] []
[2014-12-08 09:38:09] Houston.INFO: Matched route "GET_user_self" (parameters: "_controller": "{}", "_route": "GET_user_self") [] []
[2014-12-08 09:38:09] Houston.INFO: > GET /user/self [] []
[2014-12-08 09:38:09] Houston.INFO: < 200 [] []
[2014-12-08 09:38:09] Houston.INFO: Matched route "GET_tickets_all" (parameters: "_controller": "{}", "_route": "GET_tickets_all") [] []
[2014-12-08 09:38:09] Houston.INFO: > GET /tickets/all [] []
[2014-12-08 09:38:09] Houston.INFO: Matched route "GET_companies_all" (parameters: "_controller": "{}", "_route": "GET_companies_all") [] []
[2014-12-08 09:38:09] Houston.INFO: > GET /companies/all [] []
[2014-12-08 09:38:09] Houston.INFO: < 200 [] []
[2014-12-08 09:38:09] Houston.INFO: < 200 [] []
